[LOG] System::create                           : Header version = 2.00.04. Current version = 2.00.04.
[LOG] Manager::init                            : maxchannels = 256 studioflags = 00000006 flags 00000000 extradriverdata 0000000000000000.
[LOG] SystemI::init                            : Initialize version=20004 (104705), maxchannels=256, flags=0x00020000
[LOG] SystemI::setOutputInternal               : Setting output to 'FMOD WASAPI Output'
[LOG] OutputWASAPI::init                       : Mix Format (WAVEFORMATEX): wFormatTag=0xFFFE, nChannels=2, nSamplesPerSec=48000, nAvgBytesPerSec=384000, nBlockAlign=8, wBitsPerSample=32, cbSize=22.
[LOG] OutputWASAPI::init                       : Mix Format (WAVEFORMATEXTENSIBLE): wValidBitsPerSample=32, dwChannelMask=0x00000003, SubFormat=00000003-0000-0010-8000-00AA00389B71.
[LOG] OutputWASAPI::init                       : Output buffer size: 4096 samples, latency: 0.00ms, period: 10.00ms, DSP buffer: 1024 * 4
[LOG] Thread::initThread                       : Init FMOD stream thread. Priority: 2, Stack Size: 98304, Semaphore: No, Sleep Time: 10, Looping: Yes.
[LOG] Thread::initThread                       : Init FMOD mixer thread. Priority: 3, Stack Size: 81920, Semaphore: No, Sleep Time: 0, Looping: Yes.
[LOG] AsyncManager::init                       : manager 000001D40AC27388 isAsync 0 updatePeriod 0.02
[LOG] AsyncManager::init                       : done
[LOG] PlaybackSystem::init                     : 
[LOG] Thread::initThread                       : Init FMOD Studio sample load thread. Priority: 0, Stack Size: 98304, Semaphore: No, Sleep Time: 1, Looping: No.
[LOG] PlaybackSystem::init                     : done
[LOG] Thread::initThread                       : Init FMOD Studio bank load thread. Priority: 0, Stack Size: 98304, Semaphore: No, Sleep Time: 1, Looping: No.
[LOG] Manager::init                            : done.
[LOG] Manager::readBank                        : fileversion = 121, compatVersion = 119 (oldest = 44, newest = 121)
[LOG] Manager::readBank                        : fileversion = 121, compatVersion = 119 (oldest = 44, newest = 121)
[LOG] SystemI::createSoundInternal             : Create name='', mode=0x02000202
[LOG] SystemI::createSoundInternal             : exinfo->cbsize             = 224
[LOG] SystemI::createSoundInternal             : exinfo->length             = 1999936
[LOG] SystemI::createSoundInternal             : exinfo->fileoffset         = 5152
[LOG] SystemI::createSoundInternal             : exinfo->numsubsounds       = 1
[LOG] SystemI::createSoundInternal             : exinfo->inclusionlist      = 0000005E3CBFF0FC
[LOG] SystemI::createSoundInternal             : exinfo->inclusionlistnum   = 1
[LOG] SystemI::createSoundInternal             : exinfo->suggestedsoundtype = 5
[LOG] SystemI::createSoundInternal             : exinfo->useropen           = 00007FFF01BD7050
[LOG] SystemI::createSoundInternal             : exinfo->userclose          = 00007FFF01BD7020
[LOG] SystemI::createSoundInternal             : exinfo->userread           = 00007FFF01BD7120
[LOG] SystemI::createSoundInternal             : exinfo->userseek           = 00007FFF01BD71E0
[LOG] SystemI::createSoundInternal             : exinfo->fileuserdata       = 000001D39F14E618
[LOG] SystemI::createSoundInternal             : exinfo->initialseekpostype = 1
[LOG] SystemI::DSPCodecPoolRegister            : register codec pool for pool type 5
[LOG] SystemI::createSoundInternal             : Sample 0/1: name='Grass Walking 3', format=2, channels=2, frequency=48000, lengthbytes=9856, lengthpcm=26706, pcmblocksize=0, loopstart=0, loopend=0, mode=0x00000000, channelmask=0x00000000, channelorder=0, peakvolume=0.230591.
[LOG] SystemI::createSoundInternal             : Create name='', mode=0x02000202
[LOG] SystemI::createSoundInternal             : exinfo->cbsize             = 224
[LOG] SystemI::createSoundInternal             : exinfo->length             = 1999936
[LOG] SystemI::createSoundInternal             : exinfo->fileoffset         = 5152
[LOG] SystemI::createSoundInternal             : exinfo->numsubsounds       = 1
[LOG] SystemI::createSoundInternal             : exinfo->inclusionlist      = 0000005E3CBFF0FC
[LOG] SystemI::createSoundInternal             : exinfo->inclusionlistnum   = 1
[LOG] SystemI::createSoundInternal             : exinfo->suggestedsoundtype = 5
[LOG] SystemI::createSoundInternal             : exinfo->useropen           = 00007FFF01BD7050
[LOG] SystemI::createSoundInternal             : exinfo->userclose          = 00007FFF01BD7020
[LOG] SystemI::createSoundInternal             : exinfo->userread           = 00007FFF01BD7120
[LOG] SystemI::createSoundInternal             : exinfo->userseek           = 00007FFF01BD71E0
[LOG] SystemI::createSoundInternal             : exinfo->fileuserdata       = 000001D39F14E618
[LOG] SystemI::createSoundInternal             : exinfo->initialseekpostype = 1
[LOG] SystemI::DSPCodecPoolRegister            : register codec pool for pool type 5
[LOG] SystemI::createSoundInternal             : Sample 0/1: name='Grass Walking 1', format=2, channels=2, frequency=48000, lengthbytes=7136, lengthpcm=21787, pcmblocksize=0, loopstart=0, loopend=0, mode=0x00000000, channelmask=0x00000000, channelorder=0, peakvolume=0.177887.
[LOG] SystemI::createSoundInternal             : Create name='', mode=0x02000202
[LOG] SystemI::createSoundInternal             : exinfo->cbsize             = 224
[LOG] SystemI::createSoundInternal             : exinfo->length             = 1999936
[LOG] SystemI::createSoundInternal             : exinfo->fileoffset         = 5152
[LOG] SystemI::createSoundInternal             : exinfo->numsubsounds       = 1
[LOG] SystemI::createSoundInternal             : exinfo->inclusionlist      = 0000005E3CBFF0FC
[LOG] SystemI::createSoundInternal             : exinfo->inclusionlistnum   = 1
[LOG] SystemI::createSoundInternal             : exinfo->suggestedsoundtype = 5
[LOG] SystemI::createSoundInternal             : exinfo->useropen           = 00007FFF01BD7050
[LOG] SystemI::createSoundInternal             : exinfo->userclose          = 00007FFF01BD7020
[LOG] SystemI::createSoundInternal             : exinfo->userread           = 00007FFF01BD7120
[LOG] SystemI::createSoundInternal             : exinfo->userseek           = 00007FFF01BD71E0
[LOG] SystemI::createSoundInternal             : exinfo->fileuserdata       = 000001D39F14E618
[LOG] SystemI::createSoundInternal             : exinfo->initialseekpostype = 1
[LOG] SystemI::DSPCodecPoolRegister            : register codec pool for pool type 5
[LOG] SystemI::createSoundInternal             : Sample 0/1: name='Grass Walking 5', format=2, channels=2, frequency=48000, lengthbytes=7808, lengthpcm=21083, pcmblocksize=0, loopstart=0, loopend=0, mode=0x00000000, channelmask=0x00000000, channelorder=0, peakvolume=0.200134.
[LOG] SystemI::createSoundInternal             : Create name='', mode=0x02000202
[LOG] SystemI::createSoundInternal             : exinfo->cbsize             = 224
[LOG] SystemI::createSoundInternal             : exinfo->length             = 1999936
[LOG] SystemI::createSoundInternal             : exinfo->fileoffset         = 5152
[LOG] SystemI::createSoundInternal             : exinfo->numsubsounds       = 1
[LOG] SystemI::createSoundInternal             : exinfo->inclusionlist      = 0000005E3CBFF0FC
[LOG] SystemI::createSoundInternal             : exinfo->inclusionlistnum   = 1
[LOG] SystemI::createSoundInternal             : exinfo->suggestedsoundtype = 5
[LOG] SystemI::createSoundInternal             : exinfo->useropen           = 00007FFF01BD7050
[LOG] SystemI::createSoundInternal             : exinfo->userclose          = 00007FFF01BD7020
[LOG] SystemI::createSoundInternal             : exinfo->userread           = 00007FFF01BD7120
[LOG] SystemI::createSoundInternal             : exinfo->userseek           = 00007FFF01BD71E0
[LOG] SystemI::createSoundInternal             : exinfo->fileuserdata       = 000001D39F14E618
[LOG] SystemI::createSoundInternal             : exinfo->initialseekpostype = 1
[LOG] SystemI::DSPCodecPoolRegister            : register codec pool for pool type 5
[LOG] SystemI::createSoundInternal             : Sample 0/1: name='Grass Walking 2', format=2, channels=2, frequency=48000, lengthbytes=5984, lengthpcm=18272, pcmblocksize=0, loopstart=0, loopend=0, mode=0x00000000, channelmask=0x00000000, channelorder=0, peakvolume=0.235840.
[LOG] SystemI::createSoundInternal             : Create name='', mode=0x02000202
[LOG] SystemI::createSoundInternal             : exinfo->cbsize             = 224
[LOG] SystemI::createSoundInternal             : exinfo->length             = 1999936
[LOG] SystemI::createSoundInternal             : exinfo->fileoffset         = 5152
[LOG] SystemI::createSoundInternal             : exinfo->numsubsounds       = 1
[LOG] SystemI::createSoundInternal             : exinfo->inclusionlist      = 0000005E3CBFF0FC
[LOG] SystemI::createSoundInternal             : exinfo->inclusionlistnum   = 1
[LOG] SystemI::createSoundInternal             : exinfo->suggestedsoundtype = 5
[LOG] SystemI::createSoundInternal             : exinfo->useropen           = 00007FFF01BD7050
[LOG] SystemI::createSoundInternal             : exinfo->userclose          = 00007FFF01BD7020
[LOG] SystemI::createSoundInternal             : exinfo->userread           = 00007FFF01BD7120
[LOG] SystemI::createSoundInternal             : exinfo->userseek           = 00007FFF01BD71E0
[LOG] SystemI::createSoundInternal             : exinfo->fileuserdata       = 000001D39F14E618
[LOG] SystemI::createSoundInternal             : exinfo->initialseekpostype = 1
[LOG] SystemI::DSPCodecPoolRegister            : register codec pool for pool type 5
[LOG] SystemI::createSoundInternal             : Sample 0/1: name='Grass Walking 4', format=2, channels=2, frequency=48000, lengthbytes=7008, lengthpcm=21084, pcmblocksize=0, loopstart=0, loopend=0, mode=0x00000000, channelmask=0x00000000, channelorder=0, peakvolume=0.211060.
[LOG] SystemI::createSoundInternal             : Create name='', mode=0x02000202
[LOG] SystemI::createSoundInternal             : exinfo->cbsize             = 224
[LOG] SystemI::createSoundInternal             : exinfo->length             = 1999936
[LOG] SystemI::createSoundInternal             : exinfo->fileoffset         = 5152
[LOG] SystemI::createSoundInternal             : exinfo->numsubsounds       = 1
[LOG] SystemI::createSoundInternal             : exinfo->inclusionlist      = 0000005E3CBFF0FC
[LOG] SystemI::createSoundInternal             : exinfo->inclusionlistnum   = 1
[LOG] SystemI::createSoundInternal             : exinfo->suggestedsoundtype = 5
[LOG] SystemI::createSoundInternal             : exinfo->useropen           = 00007FFF01BD7050
[LOG] SystemI::createSoundInternal             : exinfo->userclose          = 00007FFF01BD7020
[LOG] SystemI::createSoundInternal             : exinfo->userread           = 00007FFF01BD7120
[LOG] SystemI::createSoundInternal             : exinfo->userseek           = 00007FFF01BD71E0
[LOG] SystemI::createSoundInternal             : exinfo->fileuserdata       = 000001D39F14E618
[LOG] SystemI::createSoundInternal             : exinfo->initialseekpostype = 1
[LOG] SystemI::DSPCodecPoolRegister            : register codec pool for pool type 5
[LOG] SystemI::createSoundInternal             : Sample 0/1: name='Grass Walking 6', format=2, channels=2, frequency=48000, lengthbytes=3904, lengthpcm=11245, pcmblocksize=0, loopstart=0, loopend=0, mode=0x00000000, channelmask=0x00000000, channelorder=0, peakvolume=0.510834.
[LOG] SoundI::release                          : Dancing_Sheeb (000001D3A7614268)
[LOG] SoundI::release                          :     Dancing_Sheeb (000001D3A4BCABE8)
[LOG] SoundI::release                          :     Dancing_Sheeb (000001D40ADF8E08)
[LOG] SoundI::release                          :  (000001D40AB00118)
[LOG] SoundI::release                          :     Grass Walking 1 (000001D3FF7FE098)
[LOG] SoundI::release                          :  (000001D40AB020B8)
[LOG] SoundI::release                          :     Grass Walking 2 (000001D3FF7FE718)
[LOG] SoundI::release                          :  (000001D40AAFFB58)
[LOG] SoundI::release                          :     Grass Walking 3 (000001D3FF7FDEF8)
[LOG] SoundI::release                          :  (000001D40AB02678)
[LOG] SoundI::release                          :     Grass Walking 4 (000001D3FF1F73D8)
[LOG] SoundI::release                          :  (000001D40AB00E08)
[LOG] SoundI::release                          :     Grass Walking 5 (000001D3FF7FE578)
[LOG] SoundI::release                          :  (000001D40AB027E8)
[LOG] SoundI::release                          :     Grass Walking 6 (000001D3FF1F7578)
[LOG] Thread::callback                         : FMOD Studio update thread finished.
[LOG] Thread::callback                         : FMOD Studio bank load thread finished.
[LOG] Profile::disconnectAll                   : Profiler disconnecting all clients
[LOG] Thread::callback                         : FMOD Studio sample load thread finished.
[LOG] LiveUpdate::release                      : 
[LOG] LiveUpdate::reset                        : Reset connection (reason Disconnected)
[LOG] Thread::callback                         : FMOD stream thread finished.
[LOG] Thread::callback                         : FMOD mixer thread finished.
[LOG] Profile::disconnectAll                   : Profiler disconnecting all clients
[LOG] SystemI::close                           : Closed.
